[uicookies.com/demo/theme/fontanero/index.html]
[backblue.gif]
[fade.gif]
[index.html]
[maxcdn.bootstrapcdn.com/font-awesome/4.5.0/css/font-awesome.min.css]
[uicookies.com/demo/theme/fontanero/css/owl.carousel.css]
[uicookies.com/demo/theme/fontanero/css/owl.theme.css]
[maxcdn.bootstrapcdn.com/bootstrap/3.3.6/css/bootstrap.min.css]
[uicookies.com/demo/theme/fontanero/css/offcanvas.css]
[uicookies.com/demo/theme/fontanero/css/style.css]
[uicookies.com/demo/theme/fontanero/index-2.html]
[uicookies.com/demo/theme/fontanero/img/logo.png]
[uicookies.com/demo/theme/fontanero/about.html]
[uicookies.com/demo/theme/fontanero/service.html]
[uicookies.com/demo/theme/fontanero/article-page.html]
[uicookies.com/demo/theme/fontanero/contact.html]
[uicookies.com/demo/theme/fontanero/img/slide1.jpg]
[uicookies.com/demo/theme/fontanero/img/welcome.jpg]
[uicookies.com/demo/theme/fontanero/img/service/service1.jpg]
[uicookies.com/demo/theme/fontanero/img/service/service2.jpg]
[uicookies.com/demo/theme/fontanero/img/service/service3.jpg]
[uicookies.com/demo/theme/fontanero/img/service/service4.jpg]
[uicookies.com/demo/theme/fontanero/img/service/service5.jpg]
[uicookies.com/demo/theme/fontanero/img/service/service6.jpg]
[uicookies.com/demo/theme/fontanero/img/client1.jpg]
[uicookies.com/demo/theme/fontanero/img/client2.jpg]
[uicookies.com/demo/theme/fontanero/img/client3.jpg]
[uicookies.com/demo/theme/fontanero/img/client4.jpg]
[uicookies.com/demo/theme/fontanero/img/client5.jpg]
[uicookies.com/cdn-cgi/scripts/5c5dd728/cloudflare-static/email-decode.min.js]
[uicookies.com/demo/theme/fontanero/js/hippo-off-canvas.js]
[maxcdn.bootstrapcdn.com/bootstrap/3.3.6/js/bootstrap.min.js]
[code.jquery.com/jquery-1.12.0.min.js]
[uicookies.com/demo/theme/fontanero/js/owl.carousel.min.js]
[uicookies.com/demo/theme/fontanero/js/script.js]
[uicookies.com/demo/theme/fontanero/index.html]
[maxcdn.bootstrapcdn.com/font-awesome/4.5.0/css/font-awesome.min.css]
[ajax.cloudflare.com/cdn-cgi/scripts/95c75768/cloudflare-static/rocket-loader.min.js]
[uicookies.com/demo/theme/fontanero/css/grabbing.png]
[uicookies.com/demo/theme/fontanero/css/owl.carousel.css]
[uicookies.com/demo/theme/fontanero/css/AjaxLoader.gif]
[uicookies.com/demo/theme/fontanero/css/owl.theme.css]
[maxcdn.bootstrapcdn.com/bootstrap/3.3.6/css/bootstrap.min.css]
[uicookies.com/demo/theme/fontanero/css/offcanvas.css]
[uicookies.com/demo/theme/fontanero/img/quote-bg.jpg]
[uicookies.com/demo/theme/fontanero/css/style.css]
[uicookies.com/demo/theme/fontanero/index-2.html]
[uicookies.com/demo/theme/fontanero/img/about.jpg]
[uicookies.com/demo/theme/fontanero/img/mission.jpg]
[uicookies.com/demo/theme/fontanero/img/vision.jpg]
[uicookies.com/demo/theme/fontanero/about.html]
[uicookies.com/demo/theme/fontanero/img/service/commercial1.jpg]
[uicookies.com/demo/theme/fontanero/img/service/commercial2.jpg]
[uicookies.com/demo/theme/fontanero/img/service/commercial3.jpg]
[uicookies.com/demo/theme/fontanero/img/service/commercial4.jpg]
[uicookies.com/demo/theme/fontanero/img/service/commercial5.jpg]
[uicookies.com/demo/theme/fontanero/img/service/commercial6.jpg]
[uicookies.com/demo/theme/fontanero/service.html]
[uicookies.com/demo/theme/fontanero/img/service/service-heater.jpg]
[uicookies.com/demo/theme/fontanero/article-page.html]
[uicookies.com/demo/theme/fontanero/contact.html]
[uicookies.com/demo/theme/fontanero/css/AjaxLoader.html]
[uicookies.com/demo/theme/fontanero/toilet.html]
